<?xml version="1.0" encoding="UTF-8"?>
<testsuite xmlns:xsi="http://www.w3.org/2001/XMLSchema-instance" xsi:noNamespaceSchemaLocation="https://maven.apache.org/surefire/maven-surefire-plugin/xsd/surefire-test-report.xsd" version="3.0.2" name="com.nttdata.api_desafio.transaction.TransactionApplicationTests" time="6.87" tests="1" errors="0" skipped="0" failures="0">
  <properties>
[...]
</properties>
  <testcase name="contextLoads" classname="com.nttdata.api_desafio.transaction.TransactionApplicationTests" time="0.288">
    <system-out><![CDATA[21:40:14.602 [main] INFO org.springframework.test.context.support.AnnotationConfigContextLoaderUtils -- Could not detect default configuration classes for test class [com.nttdata.api_desafio.transaction.TransactionApplicationTests]: TransactionApplicationTests does not declare any static, non-private, non-final, nested classes annotated with @Configuration.
21:40:14.735 [main] INFO org.springframework.boot.test.context.SpringBootTestContextBootstrapper -- Found @SpringBootConfiguration com.nttdata.api_desafio.transaction.TransactionApplication for test class com.nttdata.api_desafio.transaction.TransactionApplicationTests
21:40:14.934 [main] INFO org.springframework.boot.devtools.restart.RestartApplicationListener -- Restart disabled due to context in which it is running

  .   ____          _            __ _ _
 /\\ / ___'_ __ _ _(_)_ __  __ _ \ \ \ \
( ( )\___ | '_ | '_| | '_ \/ _` | \ \ \ \
 \\/  ___)| |_)| | | | | || (_| |  ) ) ) )
  '  |____| .__|_| |_|_| |_\__, | / / / /
 =========|_|==============|___/=/_/_/_/

 :: Spring Boot ::               (v3.5.10)

2026-02-01T21:40:15.378-03:00  INFO 1204 --- [transaction] [           main] c.n.a.t.TransactionApplicationTests      : Starting TransactionApplicationTests using Java 25.0.1 with PID 1204 (started by Nara in D:\Nara\Downloads\0PastasDesktop\Code\novo-financial-management\transaction-service)
2026-02-01T21:40:15.381-03:00  INFO 1204 --- [transaction] [           main] c.n.a.t.TransactionApplicationTests      : No active profile set, falling back to 1 default profile: "default"
2026-02-01T21:40:16.482-03:00  INFO 1204 --- [transaction] [           main] .s.d.r.c.RepositoryConfigurationDelegate : Bootstrapping Spring Data JPA repositories in DEFAULT mode.
2026-02-01T21:40:16.572-03:00  INFO 1204 --- [transaction] [           main] .s.d.r.c.RepositoryConfigurationDelegate : Finished Spring Data repository scanning in 77 ms. Found 1 JPA repository interface.
2026-02-01T21:40:17.481-03:00  INFO 1204 --- [transaction] [           main] com.zaxxer.hikari.HikariDataSource       : HikariPool-1 - Starting...
2026-02-01T21:40:17.807-03:00  INFO 1204 --- [transaction] [           main] com.zaxxer.hikari.pool.HikariPool        : HikariPool-1 - Added connection org.postgresql.jdbc.PgConnection@4aa22cc2
2026-02-01T21:40:17.810-03:00  INFO 1204 --- [transaction] [           main] com.zaxxer.hikari.HikariDataSource       : HikariPool-1 - Start completed.
2026-02-01T21:40:17.858-03:00  INFO 1204 --- [transaction] [           main] org.flywaydb.core.FlywayExecutor         : Database: jdbc:postgresql://localhost:5432/beca_java (PostgreSQL 17.7)
2026-02-01T21:40:17.957-03:00  INFO 1204 --- [transaction] [           main] o.f.core.internal.command.DbValidate     : Successfully validated 0 migrations (execution time 00:00.028s)
2026-02-01T21:40:17.957-03:00  WARN 1204 --- [transaction] [           main] o.f.core.internal.command.DbValidate     : No migrations found. Are your locations set up correctly?
2026-02-01T21:40:17.979-03:00  INFO 1204 --- [transaction] [           main] o.f.core.internal.command.DbMigrate      : Current version of schema "public": << Empty Schema >>
2026-02-01T21:40:17.986-03:00  INFO 1204 --- [transaction] [           main] o.f.core.internal.command.DbMigrate      : Schema "public" is up to date. No migration necessary.
2026-02-01T21:40:18.134-03:00  INFO 1204 --- [transaction] [           main] o.hibernate.jpa.internal.util.LogHelper  : HHH000204: Processing PersistenceUnitInfo [name: default]
2026-02-01T21:40:18.206-03:00  INFO 1204 --- [transaction] [           main] org.hibernate.Version                    : HHH000412: Hibernate ORM core version 6.6.41.Final
2026-02-01T21:40:18.249-03:00  INFO 1204 --- [transaction] [           main] o.h.c.internal.RegionFactoryInitiator    : HHH000026: Second-level cache disabled
2026-02-01T21:40:18.533-03:00  INFO 1204 --- [transaction] [           main] o.s.o.j.p.SpringPersistenceUnitInfo      : No LoadTimeWeaver setup: ignoring JPA class transformer
2026-02-01T21:40:18.648-03:00  INFO 1204 --- [transaction] [           main] org.hibernate.orm.connections.pooling    : HHH10001005: Database info:
	Database JDBC URL [Connecting through datasource 'HikariDataSource (HikariPool-1)']
	Database driver: undefined/unknown
	Database version: 17.7
	Autocommit mode: undefined/unknown
	Isolation level: undefined/unknown
	Minimum pool size: undefined/unknown
	Maximum pool size: undefined/unknown
2026-02-01T21:40:19.728-03:00  INFO 1204 --- [transaction] [           main] o.h.e.t.j.p.i.JtaPlatformInitiator       : HHH000489: No JTA platform available (set 'hibernate.transaction.jta.platform' to enable JTA platform integration)
2026-02-01T21:40:19.801-03:00  INFO 1204 --- [transaction] [           main] j.LocalContainerEntityManagerFactoryBean : Initialized JPA EntityManagerFactory for persistence unit 'default'
2026-02-01T21:40:20.362-03:00  WARN 1204 --- [transaction] [           main] JpaBaseConfiguration$JpaWebConfiguration : spring.jpa.open-in-view is enabled by default. Therefore, database queries may be performed during view rendering. Explicitly configure spring.jpa.open-in-view to disable this warning
2026-02-01T21:40:20.912-03:00  WARN 1204 --- [transaction] [           main] .s.s.UserDetailsServiceAutoConfiguration : 

Using generated security password: 4abb99de-eb2c-43a4-8f1d-24c25f843a37

This generated password is for development use only. Your security configuration must be updated before running your application in production.

2026-02-01T21:40:20.920-03:00  INFO 1204 --- [transaction] [           main] r$InitializeUserDetailsManagerConfigurer : Global AuthenticationManager configured with UserDetailsService bean with name inMemoryUserDetailsManager
2026-02-01T21:40:21.079-03:00  INFO 1204 --- [transaction] [           main] c.n.a.t.TransactionApplicationTests      : Started TransactionApplicationTests in 6.161 seconds (process running for 7.269)
2026-02-01T21:40:21.081-03:00  WARN 1204 --- [transaction] [           main] o.s.core.events.SpringDocAppInitializer  : SpringDoc /v3/api-docs endpoint is enabled by default. To disable it in production, set the property 'springdoc.api-docs.enabled=false'
2026-02-01T21:40:21.082-03:00  WARN 1204 --- [transaction] [           main] o.s.core.events.SpringDocAppInitializer  : SpringDoc /swagger-ui.html endpoint is enabled by default. To disable it in production, set the property 'springdoc.swagger-ui.enabled=false'
]]></system-out>
    <system-err><![CDATA[Mockito is currently self-attaching to enable the inline-mock-maker. This will no longer work in future releases of the JDK. Please add Mockito as an agent to your build as described in Mockito's documentation: https://javadoc.io/doc/org.mockito/mockito-core/latest/org.mockito/org/mockito/Mockito.html#0.3
WARNING: A Java agent has been loaded dynamically (C:\Users\Nara\.m2\repository\net\bytebuddy\byte-buddy-agent\1.17.8\byte-buddy-agent-1.17.8.jar)
WARNING: If a serviceability tool is in use, please run with -XX:+EnableDynamicAgentLoading to hide this warning
WARNING: If a serviceability tool is not in use, please run with -Djdk.instrument.traceUsage for more information
WARNING: Dynamic loading of agents will be disallowed by default in a future release
]]></system-err>
  </testcase>
</testsuite>