<?xml version="1.0" encoding="UTF-8"?>
<testsuite xmlns:xsi="http://www.w3.org/2001/XMLSchema-instance" xsi:noNamespaceSchemaLocation="https://maven.apache.org/surefire/maven-surefire-plugin/xsd/surefire-test-report.xsd" version="3.0.2" name="com.nttdata.api_desafio.user.Ms1UserApplicationTests" time="1.945" tests="1" errors="0" skipped="0" failures="0">
  <properties>
[...]
</properties>
  <testcase name="contextLoads" classname="com.nttdata.api_desafio.user.Ms1UserApplicationTests" time="0.012">
    <system-out><![CDATA[2026-02-02T09:36:30.967-03:00  INFO 2964 --- [ms1-user] [           main] t.c.s.AnnotationConfigContextLoaderUtils : Could not detect default configuration classes for test class [com.nttdata.api_desafio.user.Ms1UserApplicationTests]: Ms1UserApplicationTests does not declare any static, non-private, non-final, nested classes annotated with @Configuration.
2026-02-02T09:36:31.048-03:00  INFO 2964 --- [ms1-user] [           main] .b.t.c.SpringBootTestContextBootstrapper : Found @SpringBootConfiguration com.nttdata.api_desafio.user.Ms1UserApplication for test class com.nttdata.api_desafio.user.Ms1UserApplicationTests

  .   ____          _            __ _ _
 /\\ / ___'_ __ _ _(_)_ __  __ _ \ \ \ \
( ( )\___ | '_ | '_| | '_ \/ _` | \ \ \ \
 \\/  ___)| |_)| | | | | || (_| |  ) ) ) )
  '  |____| .__|_| |_|_| |_\__, | / / / /
 =========|_|==============|___/=/_/_/_/

 :: Spring Boot ::               (v3.5.10)

2026-02-02T09:36:31.097-03:00  INFO 2964 --- [ms1-user] [           main] c.n.a.user.Ms1UserApplicationTests       : Starting Ms1UserApplicationTests using Java 25.0.1 with PID 2964 (started by Nara in D:\Nara\Downloads\0PastasDesktop\Code\novo-financial-management\user-service)
2026-02-02T09:36:31.097-03:00  INFO 2964 --- [ms1-user] [           main] c.n.a.user.Ms1UserApplicationTests       : No active profile set, falling back to 1 default profile: "default"
2026-02-02T09:36:31.776-03:00  INFO 2964 --- [ms1-user] [           main] .s.d.r.c.RepositoryConfigurationDelegate : Bootstrapping Spring Data JPA repositories in DEFAULT mode.
2026-02-02T09:36:31.856-03:00  INFO 2964 --- [ms1-user] [           main] .s.d.r.c.RepositoryConfigurationDelegate : Finished Spring Data repository scanning in 77 ms. Found 1 JPA repository interface.
2026-02-02T09:36:32.048-03:00  INFO 2964 --- [ms1-user] [           main] com.zaxxer.hikari.HikariDataSource       : HikariPool-2 - Starting...
2026-02-02T09:36:32.064-03:00  INFO 2964 --- [ms1-user] [           main] com.zaxxer.hikari.pool.HikariPool        : HikariPool-2 - Added connection org.postgresql.jdbc.PgConnection@6bdc984
2026-02-02T09:36:32.064-03:00  INFO 2964 --- [ms1-user] [           main] com.zaxxer.hikari.HikariDataSource       : HikariPool-2 - Start completed.
2026-02-02T09:36:32.066-03:00  INFO 2964 --- [ms1-user] [           main] org.flywaydb.core.FlywayExecutor         : Database: jdbc:postgresql://localhost:5432/beca_java (PostgreSQL 18.1)
2026-02-02T09:36:32.076-03:00  WARN 2964 --- [ms1-user] [           main] o.f.c.internal.database.base.Database    : Flyway upgrade recommended: PostgreSQL 18.1 is newer than this version of Flyway and support has not been tested. The latest supported version of PostgreSQL is 17.
2026-02-02T09:36:32.085-03:00  INFO 2964 --- [ms1-user] [           main] o.f.core.internal.command.DbValidate     : Successfully validated 0 migrations (execution time 00:00.006s)
2026-02-02T09:36:32.085-03:00  WARN 2964 --- [ms1-user] [           main] o.f.core.internal.command.DbValidate     : No migrations found. Are your locations set up correctly?
2026-02-02T09:36:32.113-03:00  INFO 2964 --- [ms1-user] [           main] o.f.core.internal.command.DbMigrate      : Current version of schema "public": << Empty Schema >>
2026-02-02T09:36:32.114-03:00  INFO 2964 --- [ms1-user] [           main] o.f.core.internal.command.DbMigrate      : Schema "public" is up to date. No migration necessary.
2026-02-02T09:36:32.138-03:00  INFO 2964 --- [ms1-user] [           main] o.hibernate.jpa.internal.util.LogHelper  : HHH000204: Processing PersistenceUnitInfo [name: default]
2026-02-02T09:36:32.142-03:00  INFO 2964 --- [ms1-user] [           main] o.h.c.internal.RegionFactoryInitiator    : HHH000026: Second-level cache disabled
2026-02-02T09:36:32.155-03:00  INFO 2964 --- [ms1-user] [           main] o.s.o.j.p.SpringPersistenceUnitInfo      : No LoadTimeWeaver setup: ignoring JPA class transformer
2026-02-02T09:36:32.168-03:00  INFO 2964 --- [ms1-user] [           main] org.hibernate.orm.connections.pooling    : HHH10001005: Database info:
	Database JDBC URL [Connecting through datasource 'HikariDataSource (HikariPool-2)']
	Database driver: undefined/unknown
	Database version: 18.1
	Autocommit mode: undefined/unknown
	Isolation level: undefined/unknown
	Minimum pool size: undefined/unknown
	Maximum pool size: undefined/unknown
2026-02-02T09:36:32.205-03:00  INFO 2964 --- [ms1-user] [           main] o.h.e.t.j.p.i.JtaPlatformInitiator       : HHH000489: No JTA platform available (set 'hibernate.transaction.jta.platform' to enable JTA platform integration)
2026-02-02T09:36:32.221-03:00  INFO 2964 --- [ms1-user] [           main] j.LocalContainerEntityManagerFactoryBean : Initialized JPA EntityManagerFactory for persistence unit 'default'
2026-02-02T09:36:32.556-03:00  INFO 2964 --- [ms1-user] [           main] r$InitializeUserDetailsManagerConfigurer : Global AuthenticationManager configured with UserDetailsService bean with name authService
2026-02-02T09:36:32.600-03:00  WARN 2964 --- [ms1-user] [           main] JpaBaseConfiguration$JpaWebConfiguration : spring.jpa.open-in-view is enabled by default. Therefore, database queries may be performed during view rendering. Explicitly configure spring.jpa.open-in-view to disable this warning
2026-02-02T09:36:32.894-03:00  INFO 2964 --- [ms1-user] [           main] c.n.a.user.Ms1UserApplicationTests       : Started Ms1UserApplicationTests in 1.841 seconds (process running for 12.92)
2026-02-02T09:36:32.895-03:00  WARN 2964 --- [ms1-user] [           main] o.s.core.events.SpringDocAppInitializer  : SpringDoc /v3/api-docs endpoint is enabled by default. To disable it in production, set the property 'springdoc.api-docs.enabled=false'
2026-02-02T09:36:32.895-03:00  WARN 2964 --- [ms1-user] [           main] o.s.core.events.SpringDocAppInitializer  : SpringDoc /swagger-ui.html endpoint is enabled by default. To disable it in production, set the property 'springdoc.swagger-ui.enabled=false'
]]></system-out>
  </testcase>
</testsuite>